app/build/outputs/logs/manifest-merger-debug-report.txt
-- Merging decision tree log ---
manifest
ADDED from src/main/AndroidManifest.xml:2:1-164:12
	package
		ADDED from src/main/AndroidManifest.xml:3:5-36
		INJECTED from src/main/AndroidManifest.xml
		INJECTED from src/main/AndroidManifest.xml
	android:versionName
		ADDED from src/main/AndroidManifest.xml:5:5-30
		INJECTED from src/main/AndroidManifest.xml
		INJECTED from src/main/AndroidManifest.xml
	android:versionCode
		ADDED from src/main/AndroidManifest.xml:4:5-28
		INJECTED from src/main/AndroidManifest.xml
		INJECTED from src/main/AndroidManifest.xml
	xmlns:android
		ADDED from src/main/AndroidManifest.xml:2:11-69
uses-feature#0x00020000
ADDED from src/main/AndroidManifest.xml:7:5-9:35
	android:glEsVersion
		ADDED from src/main/AndroidManifest.xml:8:9-41
	android:required
		ADDED from src/main/AndroidManifest.xml:9:9-32
permission#com.techpro.dubaidial.activities.permission.MAPS_RECEIVE
ADDED from src/main/AndroidManifest.xml:11:5-13:47
	android:protectionLevel
		ADDED from src/main/AndroidManifest.xml:13:9-44
	android:name
		ADDED from src/main/AndroidManifest.xml:12:9-80
uses-sdk
ADDED from src/main/AndroidManifest.xml:15:5-17:41
MERGED from [com.facebook.android:facebook-android-sdk:3.23.1] AndroidManifest.xml:20:5-22:41
MERGED from [com.android.support:support-v4:23.4.0] AndroidManifest.xml:20:5-43
MERGED from [com.google.android.gms:play-services:5.0.89] AndroidManifest.xml:15:5-42
MERGED from [com.android.support:support-v4:23.4.0] AndroidManifest.xml:20:5-43
MERGED from [com.android.support:support-v4:23.4.0] AndroidManifest.xml:20:5-43
	android:targetSdkVersion
		ADDED from src/main/AndroidManifest.xml:17:9-38
		INJECTED from src/main/AndroidManifest.xml
		INJECTED from src/main/AndroidManifest.xml
	android:minSdkVersion
		ADDED from src/main/AndroidManifest.xml:16:9-35
		INJECTED from src/main/AndroidManifest.xml
		INJECTED from src/main/AndroidManifest.xml
uses-permission#android.permission.INTERNET
ADDED from src/main/AndroidManifest.xml:19:5-67
	android:name
		ADDED from src/main/AndroidManifest.xml:19:22-64
uses-permission#android.permission.READ_EXTERNAL_STORAGE
ADDED from src/main/AndroidManifest.xml:20:5-80
	android:name
		ADDED from src/main/AndroidManifest.xml:20:22-77
uses-permission#android.permission.ACCESS_NETWORK_STATE
ADDED from src/main/AndroidManifest.xml:21:5-79
	android:name
		ADDED from src/main/AndroidManifest.xml:21:22-76
uses-permission#com.techpro.dubaidial.activities.permission.MAPS_RECEIVE
ADDED from src/main/AndroidManifest.xml:22:5-96
	android:name
		ADDED from src/main/AndroidManifest.xml:22:22-93
uses-permission#com.google.android.providers.gsf.permission.READ_GSERVICES
ADDED from src/main/AndroidManifest.xml:23:5-98
	android:name
		ADDED from src/main/AndroidManifest.xml:23:22-95
uses-permission#android.permission.WRITE_EXTERNAL_STORAGE
ADDED from src/main/AndroidManifest.xml:24:5-81
	android:name
		ADDED from src/main/AndroidManifest.xml:24:22-78
uses-permission#android.permission.ACCESS_COARSE_LOCATION
ADDED from src/main/AndroidManifest.xml:25:5-81
	android:name
		ADDED from src/main/AndroidManifest.xml:25:22-78
uses-permission#android.permission.ACCESS_FINE_LOCATION
ADDED from src/main/AndroidManifest.xml:26:5-79
	android:name
		ADDED from src/main/AndroidManifest.xml:26:22-76
uses-permission#android.permission.CALL_PHONE
ADDED from src/main/AndroidManifest.xml:27:5-69
	android:name
		ADDED from src/main/AndroidManifest.xml:27:22-66
uses-permission#android.permission.ACCESS_WIFI_STATE
ADDED from src/main/AndroidManifest.xml:28:5-76
	android:name
		ADDED from src/main/AndroidManifest.xml:28:22-73
uses-permission#android.permission.READ_PHONE_STATE
ADDED from src/main/AndroidManifest.xml:29:5-75
	android:name
		ADDED from src/main/AndroidManifest.xml:29:22-72
application
ADDED from src/main/AndroidManifest.xml:31:5-162:19
MERGED from [com.facebook.android:facebook-android-sdk:3.23.1] AndroidManifest.xml:24:5-20
MERGED from [com.android.support:support-v4:23.4.0] AndroidManifest.xml:22:5-20
MERGED from [com.google.android.gms:play-services:5.0.89] AndroidManifest.xml:16:5-19
MERGED from [com.android.support:support-v4:23.4.0] AndroidManifest.xml:22:5-20
MERGED from [com.android.support:support-v4:23.4.0] AndroidManifest.xml:22:5-20
	android:label
		ADDED from src/main/AndroidManifest.xml:34:9-41
	android:allowBackup
		ADDED from src/main/AndroidManifest.xml:32:9-35
	android:icon
		ADDED from src/main/AndroidManifest.xml:33:9-45
	android:theme
		ADDED from src/main/AndroidManifest.xml:35:9-40
meta-data#com.google.android.maps.v2.API_KEY
ADDED from src/main/AndroidManifest.xml:36:9-38:71
	android:value
		ADDED from src/main/AndroidManifest.xml:38:13-68
	android:name
		ADDED from src/main/AndroidManifest.xml:37:13-62
activity#com.dubaidial.activities.SplashActivity
ADDED from src/main/AndroidManifest.xml:40:9-50:20
	android:screenOrientation
		ADDED from src/main/AndroidManifest.xml:44:13-49
	android:label
		ADDED from src/main/AndroidManifest.xml:43:13-45
	android:configChanges
		ADDED from src/main/AndroidManifest.xml:42:13-74
	android:name
		ADDED from src/main/AndroidManifest.xml:41:13-67
intent-filter#android.intent.action.MAIN+android.intent.category.LAUNCHER
ADDED from src/main/AndroidManifest.xml:45:13-49:29
action#android.intent.action.MAIN
ADDED from src/main/AndroidManifest.xml:46:17-69
	android:name
		ADDED from src/main/AndroidManifest.xml:46:25-66
category#android.intent.category.LAUNCHER
ADDED from src/main/AndroidManifest.xml:48:17-77
	android:name
		ADDED from src/main/AndroidManifest.xml:48:27-74
activity#com.dubaidial.activities.MenuActivity
ADDED from src/main/AndroidManifest.xml:51:9-56:20
	android:screenOrientation
		ADDED from src/main/AndroidManifest.xml:55:13-49
	android:label
		ADDED from src/main/AndroidManifest.xml:54:13-45
	android:configChanges
		ADDED from src/main/AndroidManifest.xml:53:13-74
	android:name
		ADDED from src/main/AndroidManifest.xml:52:13-65
activity#com.dubaidial.activities.SignInActivity
ADDED from src/main/AndroidManifest.xml:57:9-62:20
	android:screenOrientation
		ADDED from src/main/AndroidManifest.xml:61:13-49
	android:label
		ADDED from src/main/AndroidManifest.xml:60:13-45
	android:configChanges
		ADDED from src/main/AndroidManifest.xml:59:13-74
	android:name
		ADDED from src/main/AndroidManifest.xml:58:13-67
activity#com.dubaidial.activities.SignUpActivity
ADDED from src/main/AndroidManifest.xml:63:9-68:20
	android:screenOrientation
		ADDED from src/main/AndroidManifest.xml:67:13-49
	android:label
		ADDED from src/main/AndroidManifest.xml:66:13-45
	android:configChanges
		ADDED from src/main/AndroidManifest.xml:65:13-74
	android:name
		ADDED from src/main/AndroidManifest.xml:64:13-67
activity#com.dubaidial.activities.GuestLoginActivity
ADDED from src/main/AndroidManifest.xml:69:9-74:20
	android:screenOrientation
		ADDED from src/main/AndroidManifest.xml:73:13-49
	android:label
		ADDED from src/main/AndroidManifest.xml:72:13-45
	android:configChanges
		ADDED from src/main/AndroidManifest.xml:71:13-74
	android:name
		ADDED from src/main/AndroidManifest.xml:70:13-71
activity#com.dubaidial.activities.ForgotPasswordActivity
ADDED from src/main/AndroidManifest.xml:75:9-80:20
	android:screenOrientation
		ADDED from src/main/AndroidManifest.xml:79:13-49
	android:label
		ADDED from src/main/AndroidManifest.xml:78:13-45
	android:configChanges
		ADDED from src/main/AndroidManifest.xml:77:13-74
	android:name
		ADDED from src/main/AndroidManifest.xml:76:13-75
activity#com.dubaidial.activities.MainActivity
ADDED from src/main/AndroidManifest.xml:81:9-86:20
	android:screenOrientation
		ADDED from src/main/AndroidManifest.xml:85:13-49
	android:label
		ADDED from src/main/AndroidManifest.xml:84:13-45
	android:configChanges
		ADDED from src/main/AndroidManifest.xml:83:13-74
	android:name
		ADDED from src/main/AndroidManifest.xml:82:13-65
activity#com.dubaidial.activities.FeedbackActivity
ADDED from src/main/AndroidManifest.xml:87:9-92:20
	android:screenOrientation
		ADDED from src/main/AndroidManifest.xml:91:13-49
	android:label
		ADDED from src/main/AndroidManifest.xml:90:13-45
	android:configChanges
		ADDED from src/main/AndroidManifest.xml:89:13-74
	android:name
		ADDED from src/main/AndroidManifest.xml:88:13-69
activity#com.dubaidial.activities.ReviewActivity
ADDED from src/main/AndroidManifest.xml:93:9-98:20
	android:screenOrientation
		ADDED from src/main/AndroidManifest.xml:97:13-49
	android:label
		ADDED from src/main/AndroidManifest.xml:96:13-45
	android:configChanges
		ADDED from src/main/AndroidManifest.xml:95:13-74
	android:name
		ADDED from src/main/AndroidManifest.xml:94:13-67
activity#com.dubaidial.activities.ListYourBusinessActivity
ADDED from src/main/AndroidManifest.xml:99:9-104:20
	android:screenOrientation
		ADDED from src/main/AndroidManifest.xml:103:13-49
	android:label
		ADDED from src/main/AndroidManifest.xml:102:13-45
	android:configChanges
		ADDED from src/main/AndroidManifest.xml:101:13-74
	android:name
		ADDED from src/main/AndroidManifest.xml:100:13-77
activity#com.dubaidial.activities.FavouritesActivity
ADDED from src/main/AndroidManifest.xml:105:9-110:20
	android:screenOrientation
		ADDED from src/main/AndroidManifest.xml:109:13-49
	android:label
		ADDED from src/main/AndroidManifest.xml:108:13-45
	android:configChanges
		ADDED from src/main/AndroidManifest.xml:107:13-74
	android:name
		ADDED from src/main/AndroidManifest.xml:106:13-71
activity#com.dubaidial.activities.CitySelectActivity
ADDED from src/main/AndroidManifest.xml:111:9-116:20
	android:screenOrientation
		ADDED from src/main/AndroidManifest.xml:115:13-49
	android:label
		ADDED from src/main/AndroidManifest.xml:114:13-45
	android:configChanges
		ADDED from src/main/AndroidManifest.xml:113:13-74
	android:name
		ADDED from src/main/AndroidManifest.xml:112:13-71
activity#com.dubaidial.activities.SearchResultActivity
ADDED from src/main/AndroidManifest.xml:117:9-122:20
	android:screenOrientation
		ADDED from src/main/AndroidManifest.xml:121:13-49
	android:label
		ADDED from src/main/AndroidManifest.xml:120:13-45
	android:configChanges
		ADDED from src/main/AndroidManifest.xml:119:13-74
	android:name
		ADDED from src/main/AndroidManifest.xml:118:13-73
activity#com.dubaidial.activities.DetailActivity
ADDED from src/main/AndroidManifest.xml:123:9-128:20
	android:screenOrientation
		ADDED from src/main/AndroidManifest.xml:127:13-49
	android:label
		ADDED from src/main/AndroidManifest.xml:126:13-45
	android:configChanges
		ADDED from src/main/AndroidManifest.xml:125:13-74
	android:name
		ADDED from src/main/AndroidManifest.xml:124:13-67
activity#com.dubaidial.activities.AddReviewActivity
ADDED from src/main/AndroidManifest.xml:129:9-134:20
	android:screenOrientation
		ADDED from src/main/AndroidManifest.xml:133:13-49
	android:label
		ADDED from src/main/AndroidManifest.xml:132:13-45
	android:configChanges
		ADDED from src/main/AndroidManifest.xml:131:13-74
	android:name
		ADDED from src/main/AndroidManifest.xml:130:13-70
activity#com.dubaidial.activities.MoreInfoWebViewActivity
ADDED from src/main/AndroidManifest.xml:135:9-140:20
	android:screenOrientation
		ADDED from src/main/AndroidManifest.xml:139:13-49
	android:label
		ADDED from src/main/AndroidManifest.xml:138:13-45
	android:configChanges
		ADDED from src/main/AndroidManifest.xml:137:13-74
	android:name
		ADDED from src/main/AndroidManifest.xml:136:13-76
activity#com.dubaidial.activities.MapActivity
ADDED from src/main/AndroidManifest.xml:141:9-146:20
	android:screenOrientation
		ADDED from src/main/AndroidManifest.xml:145:13-49
	android:label
		ADDED from src/main/AndroidManifest.xml:144:13-45
	android:configChanges
		ADDED from src/main/AndroidManifest.xml:143:13-74
	android:name
		ADDED from src/main/AndroidManifest.xml:142:13-64
activity#com.dubaidial.activities.FullScreenImage
ADDED from src/main/AndroidManifest.xml:147:9-152:20
	android:screenOrientation
		ADDED from src/main/AndroidManifest.xml:151:13-49
	android:label
		ADDED from src/main/AndroidManifest.xml:150:13-45
	android:configChanges
		ADDED from src/main/AndroidManifest.xml:149:13-74
	android:name
		ADDED from src/main/AndroidManifest.xml:148:13-68
service#com.dubaidial.location.GeoLocation
ADDED from src/main/AndroidManifest.xml:154:9-155:19
	android:name
		ADDED from src/main/AndroidManifest.xml:154:18-67
meta-data#com.facebook.sdk.ApplicationId
ADDED from src/main/AndroidManifest.xml:157:9-159:46
	android:value
		ADDED from src/main/AndroidManifest.xml:159:13-43
	android:name
		ADDED from src/main/AndroidManifest.xml:158:13-58
activity#com.facebook.LoginActivity
ADDED from src/main/AndroidManifest.xml:161:9-63
	android:name
		ADDED from src/main/AndroidManifest.xml:161:19-60